<?xml version="1.0" encoding="UTF-8"?>
<testsuite xmlns:xsi="http://www.w3.org/2001/XMLSchema-instance" xsi:noNamespaceSchemaLocation="https://maven.apache.org/surefire/maven-surefire-plugin/xsd/surefire-test-report.xsd" name="TestSuite" time="20.517" tests="4" errors="0" skipped="0" failures="3">
  <properties>
[...]
</properties>
  <testcase name="LoginTest" classname="com.inetbanking.testCases.TC_LoginTest_001" time="2.506">
    <failure message="expected [Login | Salesforce3623] but found [Login | Salesforce]" type="java.lang.AssertionError">java.lang.AssertionError: expected [Login | Salesforce3623] but found [Login | Salesforce]
	at com.inetbanking.testCases.TC_LoginTest_001.LoginTest(TC_LoginTest_001.java:32)
</failure>
    <system-err><![CDATA[1598345721365	mozrunner::runner	INFO	Running command: "C:\\Program Files\\Mozilla Firefox\\firefox.exe" "-marionette" "-foreground" "-no-remote" "-profile" "C:\\Users\\Negin\\AppData\\Local\\Temp\\rust_mozprofile0nK1wO"
JavaScript error: resource://gre/modules/XULStore.jsm, line 66: Error: Can't find profile directory.
1598345726474	Marionette	INFO	Listening on port 60955
1598345726691	Marionette	WARN	TLS certificate errors will be ignored for this session
Aug 25, 2020 3:55:26 PM org.openqa.selenium.remote.ProtocolHandshake createSession
INFO: Detected dialect: W3C
JavaScript error: resource://gre/modules/URIFixup.jsm, line 281: NS_ERROR_FAILURE: Should pass a non-null uri
1598345727820	mozrunner::runner	INFO	Running command: "C:\\Program Files\\Mozilla Firefox\\firefox.exe" "-marionette" "-foreground" "-no-remote" "-profile" "C:\\Users\\Negin\\AppData\\Local\\Temp\\rust_mozprofilel5BIGz"
JavaScript error: resource://gre/modules/XULStore.jsm, line 66: Error: Can't find profile directory.
1598345730862	Marionette	INFO	Listening on port 60990
1598345730978	Marionette	WARN	TLS certificate errors will be ignored for this session
Aug 25, 2020 3:55:31 PM org.openqa.selenium.remote.ProtocolHandshake createSession
INFO: Detected dialect: W3C
JavaScript error: resource://gre/modules/URIFixup.jsm, line 281: NS_ERROR_FAILURE: Should pass a non-null uri
]]></system-err>
  </testcase>
  <testcase name="LoginTest" classname="com.inetbanking.testCases.TC_LoginTest_001" time="1.317">
    <failure message="expected [Login | Salesforce3623] but found [Login | Salesforce]" type="java.lang.AssertionError">java.lang.AssertionError: expected [Login | Salesforce3623] but found [Login | Salesforce]
	at com.inetbanking.testCases.TC_LoginTest_001.LoginTest(TC_LoginTest_001.java:32)
</failure>
  </testcase>
  <testcase name="LoginTest" classname="com.inetbanking.testCases.TC_LoginTest_001" time="1.115">
    <failure message="expected [Login | Salesforce3623] but found [Login | Salesforce]" type="java.lang.AssertionError">java.lang.AssertionError: expected [Login | Salesforce3623] but found [Login | Salesforce]
	at com.inetbanking.testCases.TC_LoginTest_001.LoginTest(TC_LoginTest_001.java:32)
</failure>
  </testcase>
  <testcase name="closing" classname="com.inetbanking.testCases.TC_LoginTest_001" time="1.267"/>
</testsuite>